31435:C 26 Feb 2026 17:06:55.427 * oO0OoO0OoO0Oo Redis is starting oO0OoO0OoO0Oo
31435:C 26 Feb 2026 17:06:55.427 * Redis version=8.6.1, bits=64, commit=09803411, modified=0, pid=31435, just started
31435:C 26 Feb 2026 17:06:55.427 # Warning: no config file specified, using the default config. In order to specify a config file use ./redis-stable/src/redis-server /path/to/redis.conf
31435:M 26 Feb 2026 17:06:55.427 * monotonic clock: ARM CNTVCT @ 24 ticks/us
31435:M 26 Feb 2026 17:06:55.428 * Running mode=standalone, port=6379.
31435:M 26 Feb 2026 17:06:55.428 # WARNING: The TCP backlog setting of 511 cannot be enforced because kern.ipc.somaxconn is set to the lower value of 128.
31435:M 26 Feb 2026 17:06:55.428 * Server initialized
31435:M 26 Feb 2026 17:06:55.428 * Ready to accept connections tcp
31435:M 26 Feb 2026 17:06:55.428 # WARNING: Redis does not require authentication. Redis will accept connections from any local client.
31435:M 26 Feb 2026 18:12:45.962 * 1 changes in 3600 seconds. Saving...
31435:M 26 Feb 2026 18:12:45.967 * Background saving started by pid 32406
32406:C 26 Feb 2026 18:12:45.973 * BGSAVE done, 1 keys saved, 0 keys skipped, 983 bytes written.
32406:C 26 Feb 2026 18:12:45.978 * DB saved on disk
32406:C 26 Feb 2026 18:12:45.979 * Fork CoW for RDB: current 0 MB, peak 0 MB, average 0 MB
31435:M 26 Feb 2026 18:12:46.070 * Background saving terminated with success
31435:M 27 Feb 2026 09:09:24.388 * 1 changes in 3600 seconds. Saving...
31435:M 27 Feb 2026 09:09:24.390 * Background saving started by pid 33293
33293:C 27 Feb 2026 09:09:24.393 * BGSAVE done, 2 keys saved, 0 keys skipped, 1099 bytes written.
33293:C 27 Feb 2026 09:09:24.402 * DB saved on disk
33293:C 27 Feb 2026 09:09:24.402 * Fork CoW for RDB: current 0 MB, peak 0 MB, average 0 MB
31435:M 27 Feb 2026 09:09:24.492 * Background saving terminated with success
31435:M 27 Feb 2026 10:09:25.010 * 1 changes in 3600 seconds. Saving...
31435:M 27 Feb 2026 10:09:25.014 * Background saving started by pid 44896
44896:C 27 Feb 2026 10:09:25.022 * BGSAVE done, 1 keys saved, 0 keys skipped, 2223 bytes written.
44896:C 27 Feb 2026 10:09:25.029 * DB saved on disk
44896:C 27 Feb 2026 10:09:25.029 * Fork CoW for RDB: current 0 MB, peak 0 MB, average 0 MB
31435:M 27 Feb 2026 10:09:25.116 * Background saving terminated with success
31435:M 27 Feb 2026 10:42:22.747 * 100 changes in 300 seconds. Saving...
31435:M 27 Feb 2026 10:42:22.750 * Background saving started by pid 51176
51176:C 27 Feb 2026 10:42:22.755 * BGSAVE done, 2 keys saved, 0 keys skipped, 2795 bytes written.
51176:C 27 Feb 2026 10:42:22.762 * DB saved on disk
51176:C 27 Feb 2026 10:42:22.763 * Fork CoW for RDB: current 0 MB, peak 0 MB, average 0 MB
31435:M 27 Feb 2026 10:42:22.852 * Background saving terminated with success
31435:M 27 Feb 2026 10:54:48.850 * 100 changes in 300 seconds. Saving...
31435:M 27 Feb 2026 10:54:48.855 * Background saving started by pid 55450
55450:C 27 Feb 2026 10:54:48.858 * BGSAVE done, 2 keys saved, 0 keys skipped, 1986 bytes written.
55450:C 27 Feb 2026 10:54:48.864 * DB saved on disk
55450:C 27 Feb 2026 10:54:48.865 * Fork CoW for RDB: current 0 MB, peak 0 MB, average 0 MB
31435:M 27 Feb 2026 10:54:48.957 * Background saving terminated with success
31435:M 27 Feb 2026 11:54:49.079 * 1 changes in 3600 seconds. Saving...
31435:M 27 Feb 2026 11:54:49.086 * Background saving started by pid 58898
58898:C 27 Feb 2026 11:54:49.100 * BGSAVE done, 1 keys saved, 0 keys skipped, 2607 bytes written.
58898:C 27 Feb 2026 11:54:49.581 * DB saved on disk
58898:C 27 Feb 2026 11:54:49.586 * Fork CoW for RDB: current 0 MB, peak 0 MB, average 0 MB
31435:M 27 Feb 2026 11:54:49.591 * Background saving terminated with success
31435:M 27 Feb 2026 12:54:50.090 * 1 changes in 3600 seconds. Saving...
31435:M 27 Feb 2026 12:54:50.094 * Background saving started by pid 61809
61809:C 27 Feb 2026 12:54:50.102 * BGSAVE done, 1 keys saved, 0 keys skipped, 2802 bytes written.
61809:C 27 Feb 2026 12:54:50.111 * DB saved on disk
61809:C 27 Feb 2026 12:54:50.112 * Fork CoW for RDB: current 0 MB, peak 0 MB, average 0 MB
31435:M 27 Feb 2026 12:54:50.196 * Background saving terminated with success
31435:M 27 Feb 2026 14:04:39.605 * 1 changes in 3600 seconds. Saving...
31435:M 27 Feb 2026 14:04:39.609 * Background saving started by pid 63402
63402:C 27 Feb 2026 14:04:39.620 * BGSAVE done, 2 keys saved, 0 keys skipped, 2915 bytes written.
63402:C 27 Feb 2026 14:04:39.630 * DB saved on disk
63402:C 27 Feb 2026 14:04:39.632 * Fork CoW for RDB: current 0 MB, peak 0 MB, average 0 MB
31435:M 27 Feb 2026 14:04:39.710 * Background saving terminated with success
31435:M 27 Feb 2026 14:35:09.320 * 100 changes in 300 seconds. Saving...
31435:M 27 Feb 2026 14:35:09.326 * Background saving started by pid 65213
65213:C 27 Feb 2026 14:35:09.332 * BGSAVE done, 3 keys saved, 0 keys skipped, 8083 bytes written.
65213:C 27 Feb 2026 14:35:09.343 * DB saved on disk
65213:C 27 Feb 2026 14:35:09.343 * Fork CoW for RDB: current 0 MB, peak 0 MB, average 0 MB
31435:M 27 Feb 2026 14:35:09.427 * Background saving terminated with success
31435:M 27 Feb 2026 15:35:10.041 * 1 changes in 3600 seconds. Saving...
31435:M 27 Feb 2026 15:35:10.044 * Background saving started by pid 65950
65950:C 27 Feb 2026 15:35:10.049 * BGSAVE done, 2 keys saved, 0 keys skipped, 12983 bytes written.
65950:C 27 Feb 2026 15:35:10.056 * DB saved on disk
65950:C 27 Feb 2026 15:35:10.056 * Fork CoW for RDB: current 0 MB, peak 0 MB, average 0 MB
31435:M 27 Feb 2026 15:35:10.145 * Background saving terminated with success
31435:M 27 Feb 2026 16:35:11.087 * 1 changes in 3600 seconds. Saving...
31435:M 27 Feb 2026 16:35:11.093 * Background saving started by pid 66585
66585:C 27 Feb 2026 16:35:11.102 * BGSAVE done, 2 keys saved, 0 keys skipped, 8781 bytes written.
66585:C 27 Feb 2026 16:35:11.110 * DB saved on disk
66585:C 27 Feb 2026 16:35:11.111 * Fork CoW for RDB: current 0 MB, peak 0 MB, average 0 MB
31435:M 27 Feb 2026 16:35:11.195 * Background saving terminated with success
31435:M 27 Feb 2026 17:22:26.426 * 100 changes in 300 seconds. Saving...
31435:M 27 Feb 2026 17:22:26.433 * Background saving started by pid 67138
67138:C 27 Feb 2026 17:22:26.437 * BGSAVE done, 3 keys saved, 0 keys skipped, 9009 bytes written.
67138:C 27 Feb 2026 17:22:26.446 * DB saved on disk
67138:C 27 Feb 2026 17:22:26.448 * Fork CoW for RDB: current 0 MB, peak 0 MB, average 0 MB
31435:M 27 Feb 2026 17:22:26.535 * Background saving terminated with success
31435:M 27 Feb 2026 18:34:20.141 * 1 changes in 3600 seconds. Saving...
31435:M 27 Feb 2026 18:34:20.146 * Background saving started by pid 68497
68497:C 27 Feb 2026 18:34:20.153 * BGSAVE done, 2 keys saved, 0 keys skipped, 9987 bytes written.
68497:C 27 Feb 2026 18:34:20.161 * DB saved on disk
68497:C 27 Feb 2026 18:34:20.163 * Fork CoW for RDB: current 0 MB, peak 0 MB, average 0 MB
31435:M 27 Feb 2026 18:34:20.249 * Background saving terminated with success
31435:M 02 Mar 2026 15:07:23.644 * 1 changes in 3600 seconds. Saving...
31435:M 02 Mar 2026 15:07:23.652 * Background saving started by pid 96817
96817:C 02 Mar 2026 15:07:23.657 * BGSAVE done, 0 keys saved, 0 keys skipped, 88 bytes written.
96817:C 02 Mar 2026 15:07:24.249 * DB saved on disk
96817:C 02 Mar 2026 15:07:24.255 * Fork CoW for RDB: current 0 MB, peak 0 MB, average 0 MB
31435:M 02 Mar 2026 15:07:24.259 * Background saving terminated with success
31435:M 02 Mar 2026 16:07:25.047 * 1 changes in 3600 seconds. Saving...
31435:M 02 Mar 2026 16:07:25.052 * Background saving started by pid 2149
2149:C 02 Mar 2026 16:07:25.058 * BGSAVE done, 1 keys saved, 0 keys skipped, 4257 bytes written.
2149:C 02 Mar 2026 16:07:25.066 * DB saved on disk
2149:C 02 Mar 2026 16:07:25.066 * Fork CoW for RDB: current 0 MB, peak 0 MB, average 0 MB
31435:M 02 Mar 2026 16:07:25.155 * Background saving terminated with success
31435:M 02 Mar 2026 17:07:26.067 * 1 changes in 3600 seconds. Saving...
31435:M 02 Mar 2026 17:07:26.071 * Background saving started by pid 7088
7088:C 02 Mar 2026 17:07:26.078 * BGSAVE done, 1 keys saved, 0 keys skipped, 6236 bytes written.
7088:C 02 Mar 2026 17:07:26.086 * DB saved on disk
7088:C 02 Mar 2026 17:07:26.086 * Fork CoW for RDB: current 0 MB, peak 0 MB, average 0 MB
31435:M 02 Mar 2026 17:07:26.173 * Background saving terminated with success
31435:signal-handler (1772513651) Received SIGTERM scheduling shutdown...
31435:M 03 Mar 2026 10:24:12.051 * User requested shutdown...
31435:M 03 Mar 2026 10:24:12.052 * Saving the final RDB snapshot before exiting.
31435:M 03 Mar 2026 10:24:12.059 * BGSAVE done, 1 keys saved, 0 keys skipped, 6236 bytes written.
31435:M 03 Mar 2026 10:24:12.103 * DB saved on disk
31435:M 03 Mar 2026 10:24:12.104 # Redis is now ready to exit, bye bye...
